app/build/intermediates/manifest_merge_blame_file/debug/manifest-merger-blame-debug-report.txt
1<?xml version="1.0" encoding="utf-8"?>
2<!--
3 Copyright (c) 2010-2011, The MiCode Open Source Community (www.micode.net)
4
5     Licensed under the Apache License, Version 2.0 (the "License");
6     you may not use this file except in compliance with the License.
7     You may obtain a copy of the License at
8
9          http://www.apache.org/licenses/LICENSE-2.0
10
11     Unless required by applicable law or agreed to in writing, software
12     distributed under the License is distributed on an "AS IS" BASIS,
13     WITHOUT WARRANTIES OR CONDITIONS OF ANY KIND, either express or implied.
14     See the License for the specific language governing permissions and
15     limitations under the License.
16-->
17<manifest xmlns:android="http://schemas.android.com/apk/res/android"
18    package="net.micode.notes"
19    android:versionCode="1"
20    android:versionName="1.0" >
21
22    <uses-sdk
23        android:minSdkVersion="23"
23-->src\main\AndroidManifest.xml
24        android:targetSdkVersion="23" />
24-->src\main\AndroidManifest.xml
25
26    <!-- <uses-sdk android:minSdkVersion="15" /> -->
27
28    <uses-permission android:name="android.permission.WRITE_EXTERNAL_STORAGE" />
28-->src\main\AndroidManifest.xml:26:5-81
28-->src\main\AndroidManifest.xml:26:22-78
29    <uses-permission android:name="com.android.launcher.permission.INSTALL_SHORTCUT" />
29-->src\main\AndroidManifest.xml:27:5-88
29-->src\main\AndroidManifest.xml:27:22-85
30    <uses-permission android:name="android.permission.INTERNET" />
30-->src\main\AndroidManifest.xml:28:5-67
30-->src\main\AndroidManifest.xml:28:22-64
31    <uses-permission android:name="android.permission.READ_CONTACTS" />
31-->src\main\AndroidManifest.xml:29:5-72
31-->src\main\AndroidManifest.xml:29:22-69
32    <uses-permission android:name="android.permission.MANAGE_ACCOUNTS" />
32-->src\main\AndroidManifest.xml:30:5-74
32-->src\main\AndroidManifest.xml:30:22-71
33    <uses-permission android:name="android.permission.AUTHENTICATE_ACCOUNTS" />
33-->src\main\AndroidManifest.xml:31:5-80
33-->src\main\AndroidManifest.xml:31:22-77
34    <uses-permission android:name="android.permission.GET_ACCOUNTS" />
34-->src\main\AndroidManifest.xml:32:5-71
34-->src\main\AndroidManifest.xml:32:22-68
35    <uses-permission android:name="android.permission.USE_CREDENTIALS" />
35-->src\main\AndroidManifest.xml:33:5-74
35-->src\main\AndroidManifest.xml:33:22-71
36    <uses-permission android:name="android.permission.RECEIVE_BOOT_COMPLETED" />
36-->src\main\AndroidManifest.xml:34:5-81
36-->src\main\AndroidManifest.xml:34:22-78
37
38    <application
38-->src\main\AndroidManifest.xml:36:5-150:19
39        android:allowBackup="true"
39-->[com.zaaach:toprightmenu:1.1.2] AndroidManifest.xml:12:9-35
40        android:debuggable="true"
41        android:extractNativeLibs="false"
42        android:icon="@drawable/icon_app"
42-->src\main\AndroidManifest.xml:37:9-42
43        android:label="MiNotes"
43-->src\main\AndroidManifest.xml:38:9-32
44        android:supportsRtl="true" >
44-->[com.zaaach:toprightmenu:1.1.2] AndroidManifest.xml:14:9-35
45        <activity
45-->src\main\AndroidManifest.xml:40:9-52:20
46            android:name="net.micode.notes.ui.NotesListActivity"
46-->src\main\AndroidManifest.xml:41:13-49
47            android:configChanges="keyboardHidden|orientation|screenSize"
47-->src\main\AndroidManifest.xml:42:13-74
48            android:label="MiNotes"
48-->src\main\AndroidManifest.xml:43:13-36
49            android:launchMode="singleTop"
49-->src\main\AndroidManifest.xml:44:13-43
50            android:theme="@android:style/Theme.Holo.Light"
50-->src\main\AndroidManifest.xml:45:13-60
51            android:windowSoftInputMode="adjustPan" >
51-->src\main\AndroidManifest.xml:46:13-52
52            <intent-filter>
52-->src\main\AndroidManifest.xml:48:13-51:29
53                <action android:name="android.intent.action.MAIN" />
53-->src\main\AndroidManifest.xml:49:17-69
53-->src\main\AndroidManifest.xml:49:25-66
54
55                <category android:name="android.intent.category.LAUNCHER" />
55-->src\main\AndroidManifest.xml:50:17-77
55-->src\main\AndroidManifest.xml:50:27-74
56            </intent-filter>
57        </activity>
58        <activity
58-->src\main\AndroidManifest.xml:54:9-86:20
59            android:name="net.micode.notes.ui.NoteEditActivity"
59-->src\main\AndroidManifest.xml:55:13-48
60            android:configChanges="keyboardHidden|orientation|screenSize"
60-->src\main\AndroidManifest.xml:56:13-74
61            android:launchMode="singleTop"
61-->src\main\AndroidManifest.xml:57:13-43
62            android:theme="@style/NoteTheme" >
62-->src\main\AndroidManifest.xml:58:13-45
63            <intent-filter android:scheme="http" >
63-->src\main\AndroidManifest.xml:60:13-68:29
63-->src\main\AndroidManifest.xml:61:17-38
64                <action android:name="android.intent.action.VIEW" />
64-->src\main\AndroidManifest.xml:63:17-69
64-->src\main\AndroidManifest.xml:63:25-66
65
66                <category android:name="android.intent.category.DEFAULT" />
66-->src\main\AndroidManifest.xml:64:17-76
66-->src\main\AndroidManifest.xml:64:27-73
67
68                <data android:mimeType="vnd.android.cursor.item/text_note" />
68-->src\main\AndroidManifest.xml:66:17-78
68-->src\main\AndroidManifest.xml:66:23-75
69                <data android:mimeType="vnd.android.cursor.item/call_note" />
69-->src\main\AndroidManifest.xml:66:17-78
69-->src\main\AndroidManifest.xml:66:23-75
70            </intent-filter>
71            <intent-filter>
71-->src\main\AndroidManifest.xml:70:13-76:29
72                <action android:name="android.intent.action.INSERT_OR_EDIT" />
72-->src\main\AndroidManifest.xml:71:17-79
72-->src\main\AndroidManifest.xml:71:25-76
73
74                <category android:name="android.intent.category.DEFAULT" />
74-->src\main\AndroidManifest.xml:64:17-76
74-->src\main\AndroidManifest.xml:64:27-73
75
76                <data android:mimeType="vnd.android.cursor.item/text_note" />
76-->src\main\AndroidManifest.xml:66:17-78
76-->src\main\AndroidManifest.xml:66:23-75
77                <data android:mimeType="vnd.android.cursor.item/call_note" />
77-->src\main\AndroidManifest.xml:66:17-78
77-->src\main\AndroidManifest.xml:66:23-75
78            </intent-filter>
79            <intent-filter>
79-->src\main\AndroidManifest.xml:78:13-81:29
80                <action android:name="android.intent.action.SEARCH" />
80-->src\main\AndroidManifest.xml:79:17-71
80-->src\main\AndroidManifest.xml:79:25-68
81
82                <category android:name="android.intent.category.DEFAULT" />
82-->src\main\AndroidManifest.xml:64:17-76
82-->src\main\AndroidManifest.xml:64:27-73
83            </intent-filter>
84
85            <meta-data
85-->src\main\AndroidManifest.xml:83:13-85:54
86                android:name="android.app.searchable"
86-->src\main\AndroidManifest.xml:84:17-54
87                android:resource="@xml/searchable" />
87-->src\main\AndroidManifest.xml:85:17-51
88        </activity>
89
90        <provider
90-->src\main\AndroidManifest.xml:88:9-91:43
91            android:name="net.micode.notes.data.NotesProvider"
91-->src\main\AndroidManifest.xml:89:13-63
92            android:authorities="micode_notes"
92-->src\main\AndroidManifest.xml:90:13-47
93            android:multiprocess="true" />
93-->src\main\AndroidManifest.xml:91:13-40
94
95        <receiver
95-->src\main\AndroidManifest.xml:93:9-105:20
96            android:name="net.micode.notes.widget.NoteWidgetProvider_2x"
96-->src\main\AndroidManifest.xml:94:13-57
97            android:label="@string/app_widget2x2" >
97-->src\main\AndroidManifest.xml:95:13-50
98            <intent-filter>
98-->src\main\AndroidManifest.xml:96:13-100:29
99                <action android:name="android.appwidget.action.APPWIDGET_UPDATE" />
99-->src\main\AndroidManifest.xml:97:17-84
99-->src\main\AndroidManifest.xml:97:25-81
100                <action android:name="android.appwidget.action.APPWIDGET_DELETED" />
100-->src\main\AndroidManifest.xml:98:17-85
100-->src\main\AndroidManifest.xml:98:25-82
101                <action android:name="android.intent.action.PRIVACY_MODE_CHANGED" />
101-->src\main\AndroidManifest.xml:99:17-85
101-->src\main\AndroidManifest.xml:99:25-82
102            </intent-filter>
103
104            <meta-data
104-->src\main\AndroidManifest.xml:102:13-104:58
105                android:name="android.appwidget.provider"
105-->src\main\AndroidManifest.xml:103:17-58
106                android:resource="@xml/widget_2x_info" />
106-->src\main\AndroidManifest.xml:104:17-55
107        </receiver>
108        <receiver
108-->src\main\AndroidManifest.xml:106:9-119:20
109            android:name="net.micode.notes.widget.NoteWidgetProvider_4x"
109-->src\main\AndroidManifest.xml:107:13-57
110            android:label="@string/app_widget4x4" >
110-->src\main\AndroidManifest.xml:108:13-50
111            <intent-filter>
111-->src\main\AndroidManifest.xml:96:13-100:29
112                <action android:name="android.appwidget.action.APPWIDGET_UPDATE" />
112-->src\main\AndroidManifest.xml:97:17-84
112-->src\main\AndroidManifest.xml:97:25-81
113                <action android:name="android.appwidget.action.APPWIDGET_DELETED" />
113-->src\main\AndroidManifest.xml:98:17-85
113-->src\main\AndroidManifest.xml:98:25-82
114                <action android:name="android.intent.action.PRIVACY_MODE_CHANGED" />
114-->src\main\AndroidManifest.xml:99:17-85
114-->src\main\AndroidManifest.xml:99:25-82
115            </intent-filter>
116
117            <meta-data
117-->src\main\AndroidManifest.xml:102:13-104:58
118                android:name="android.appwidget.provider"
118-->src\main\AndroidManifest.xml:103:17-58
119                android:resource="@xml/widget_4x_info" />
119-->src\main\AndroidManifest.xml:104:17-55
120        </receiver>
121        <receiver android:name="net.micode.notes.ui.AlarmInitReceiver" >
121-->src\main\AndroidManifest.xml:121:9-125:20
121-->src\main\AndroidManifest.xml:121:19-55
122            <intent-filter>
122-->src\main\AndroidManifest.xml:122:13-124:29
123                <action android:name="android.intent.action.BOOT_COMPLETED" />
123-->src\main\AndroidManifest.xml:123:17-79
123-->src\main\AndroidManifest.xml:123:25-76
124            </intent-filter>
125        </receiver>
126        <receiver
126-->src\main\AndroidManifest.xml:127:9-129:50
127            android:name="net.micode.notes.ui.AlarmReceiver"
127-->src\main\AndroidManifest.xml:128:13-61
128            android:process=":remote" />
128-->src\main\AndroidManifest.xml:129:13-38
129
130        <activity
130-->src\main\AndroidManifest.xml:131:9-135:87
131            android:name="net.micode.notes.ui.AlarmAlertActivity"
131-->src\main\AndroidManifest.xml:132:13-50
132            android:label="@string/app_name"
132-->src\main\AndroidManifest.xml:133:13-45
133            android:launchMode="singleInstance"
133-->src\main\AndroidManifest.xml:134:13-48
134            android:theme="@android:style/Theme.Holo.Wallpaper.NoTitleBar" />
134-->src\main\AndroidManifest.xml:135:13-75
135        <activity
135-->src\main\AndroidManifest.xml:137:9-141:72
136            android:name="net.micode.notes.ui.NotesPreferenceActivity"
136-->src\main\AndroidManifest.xml:138:13-71
137            android:label="@string/preferences_title"
137-->src\main\AndroidManifest.xml:139:13-54
138            android:launchMode="singleTop"
138-->src\main\AndroidManifest.xml:140:13-43
139            android:theme="@android:style/Theme.Holo.Light" />
139-->src\main\AndroidManifest.xml:141:13-60
140
141        <service
141-->src\main\AndroidManifest.xml:143:9-145:48
142            android:name="net.micode.notes.gtask.remote.GTaskSyncService"
142-->src\main\AndroidManifest.xml:144:13-74
143            android:exported="false" />
143-->src\main\AndroidManifest.xml:145:13-37
144
145        <meta-data
145-->src\main\AndroidManifest.xml:147:9-149:52
146            android:name="android.app.default_searchable"
146-->src\main\AndroidManifest.xml:148:13-58
147            android:value=".ui.NoteEditActivity" />
147-->src\main\AndroidManifest.xml:149:13-49
148    </application>
149
150</manifest>